Using pre-set license
Built from '2021.3/staging' branch; Version is '2021.3.20f1 (577897200b8b) revision 5732503'; Using compiler version '192829333'; Build Type 'Release'
OS: 'Windows 11  (10.0.22621) 64bit Core' Language: 'en' Physical Memory: 16147 MB
BatchMode: 1, IsHumanControllingUs: 0, StartBugReporterOnCrash: 0, Is64bit: 1, IsPro: 1

COMMAND LINE ARGUMENTS:
C:\Program Files\Unity\Hub\Editor\2021.3.20f1\Editor\Unity.exe
-adb2
-batchMode
-noUpm
-name
AssetImportWorker1
-projectPath
C:/Users/Matt0/OneDrive/Documents/GitHub/Unit-4-Repository/P2 Personal Project
-logFile
Logs/AssetImportWorker1.log
-srvPort
57106
Successfully changed project path to: C:/Users/Matt0/OneDrive/Documents/GitHub/Unit-4-Repository/P2 Personal Project
C:/Users/Matt0/OneDrive/Documents/GitHub/Unit-4-Repository/P2 Personal Project
[UnityMemory] Configuration Parameters - Can be set up in boot.config
    "memorysetup-bucket-allocator-granularity=16"
    "memorysetup-bucket-allocator-bucket-count=8"
    "memorysetup-bucket-allocator-block-size=33554432"
    "memorysetup-bucket-allocator-block-count=8"
    "memorysetup-main-allocator-block-size=16777216"
    "memorysetup-thread-allocator-block-size=16777216"
    "memorysetup-gfx-main-allocator-block-size=16777216"
    "memorysetup-gfx-thread-allocator-block-size=16777216"
    "memorysetup-cache-allocator-block-size=4194304"
    "memorysetup-typetree-allocator-block-size=2097152"
    "memorysetup-profiler-bucket-allocator-granularity=16"
    "memorysetup-profiler-bucket-allocator-bucket-count=8"
    "memorysetup-profiler-bucket-allocator-block-size=33554432"
    "memorysetup-profiler-bucket-allocator-block-count=8"
    "memorysetup-profiler-allocator-block-size=16777216"
    "memorysetup-profiler-editor-allocator-block-size=1048576"
    "memorysetup-temp-allocator-size-main=16777216"
    "memorysetup-job-temp-allocator-block-size=2097152"
    "memorysetup-job-temp-allocator-block-size-background=1048576"
    "memorysetup-job-temp-allocator-reduction-small-platforms=262144"
    "memorysetup-temp-allocator-size-background-worker=32768"
    "memorysetup-temp-allocator-size-job-worker=262144"
    "memorysetup-temp-allocator-size-preload-manager=33554432"
    "memorysetup-temp-allocator-size-nav-mesh-worker=65536"
    "memorysetup-temp-allocator-size-audio-worker=65536"
    "memorysetup-temp-allocator-size-cloud-worker=32768"
    "memorysetup-temp-allocator-size-gi-baking-worker=262144"
    "memorysetup-temp-allocator-size-gfx=262144"
Player connection [23112] Host "[IP] 192.168.1.22 [Port] 0 [Flags] 2 [Guid] 3674861662 [EditorId] 3674861662 [Version] 1048832 [Id] WindowsEditor(7,LAPTOP-QLLNI84R) [Debug] 1 [PackageName] WindowsEditor [ProjectName] Editor" joined multi-casting on [225.0.0.222:54997]...

Player connection [23112] Host "[IP] 192.168.1.22 [Port] 0 [Flags] 2 [Guid] 3674861662 [EditorId] 3674861662 [Version] 1048832 [Id] WindowsEditor(7,LAPTOP-QLLNI84R) [Debug] 1 [PackageName] WindowsEditor [ProjectName] Editor" joined alternative multi-casting on [225.0.0.222:34997]...

Refreshing native plugins compatible for Editor in 64.12 ms, found 3 plugins.
Preloading 0 native plugins for Editor in 0.00 ms.
Initialize engine version: 2021.3.20f1 (577897200b8b)
[Subsystems] Discovering subsystems at path C:/Program Files/Unity/Hub/Editor/2021.3.20f1/Editor/Data/Resources/UnitySubsystems
[Subsystems] Discovering subsystems at path C:/Users/Matt0/OneDrive/Documents/GitHub/Unit-4-Repository/P2 Personal Project/Assets
GfxDevice: creating device client; threaded=0; jobified=0
Direct3D:
    Version:  Direct3D 11.0 [level 11.1]
    Renderer: NVIDIA GeForce RTX 3050 Ti Laptop GPU (ID=0x25a0)
    Vendor:   NVIDIA
    VRAM:     3990 MB
    Driver:   27.21.14.6262
Initialize mono
Mono path[0] = 'C:/Program Files/Unity/Hub/Editor/2021.3.20f1/Editor/Data/Managed'
Mono path[1] = 'C:/Program Files/Unity/Hub/Editor/2021.3.20f1/Editor/Data/MonoBleedingEdge/lib/mono/unityjit-win32'
Mono config path = 'C:/Program Files/Unity/Hub/Editor/2021.3.20f1/Editor/Data/MonoBleedingEdge/etc'
Using monoOptions --debugger-agent=transport=dt_socket,embedding=1,server=y,suspend=n,address=127.0.0.1:56156
Begin MonoManager ReloadAssembly
Registering precompiled unity dll's ...
Register platform support module: C:/Program Files/Unity/Hub/Editor/2021.3.20f1/Editor/Data/PlaybackEngines/WebGLSupport/UnityEditor.WebGL.Extensions.dll
Register platform support module: C:/Program Files/Unity/Hub/Editor/2021.3.20f1/Editor/Data/PlaybackEngines/WindowsStandaloneSupport/UnityEditor.WindowsStandalone.Extensions.dll
Registered in 0.006749 seconds.
Native extension for WindowsStandalone target not found
Native extension for WebGL target not found
Refreshing native plugins compatible for Editor in 61.11 ms, found 3 plugins.
Preloading 0 native plugins for Editor in 0.00 ms.
Mono: successfully reloaded assembly
- Completed reload, in  0.534 seconds
Domain Reload Profiling:
	ReloadAssembly (535ms)
		BeginReloadAssembly (86ms)
			ExecutionOrderSort (0ms)
			DisableScriptedObjects (0ms)
			BackupInstance (0ms)
			ReleaseScriptingObjects (0ms)
			CreateAndSetChildDomain (1ms)
		EndReloadAssembly (364ms)
			LoadAssemblies (84ms)
			RebuildTransferFunctionScriptingTraits (0ms)
			SetupTypeCache (84ms)
			ReleaseScriptCaches (0ms)
			RebuildScriptCaches (22ms)
			SetupLoadedEditorAssemblies (217ms)
				LogAssemblyErrors (0ms)
				InitializePlatformSupportModulesInManaged (6ms)
				SetLoadedEditorAssemblies (0ms)
				RefreshPlugins (61ms)
				BeforeProcessingInitializeOnLoad (1ms)
				ProcessInitializeOnLoadAttributes (110ms)
				ProcessInitializeOnLoadMethodAttributes (38ms)
				AfterProcessingInitializeOnLoad (0ms)
				EditorAssembliesLoaded (0ms)
			ExecutionOrderSort2 (0ms)
			AwakeInstancesAfterBackupRestoration (0ms)
Platform modules already initialized, skipping
Registering precompiled user dll's ...
Registered in 0.005037 seconds.
Begin MonoManager ReloadAssembly
Symbol file LoadedFromMemory doesn't match image C:\Users\Matt0\OneDrive\Documents\GitHub\Unit-4-Repository\P2 Personal Project\Library\PackageCache\com.unity.visualscripting@1.8.0\Editor\VisualScripting.Core\Dependencies\YamlDotNet\Unity.VisualScripting.YamlDotNet.dll
Symbol file LoadedFromMemory doesn't match image C:\Users\Matt0\OneDrive\Documents\GitHub\Unit-4-Repository\P2 Personal Project\Library\PackageCache\com.unity.visualscripting@1.8.0\Editor\VisualScripting.Core\Dependencies\DotNetZip\Unity.VisualScripting.IonicZip.dll
Native extension for WindowsStandalone target not found
Native extension for WebGL target not found
Refreshing native plugins compatible for Editor in 0.78 ms, found 3 plugins.
Preloading 0 native plugins for Editor in 0.00 ms.
Mono: successfully reloaded assembly
- Completed reload, in  0.835 seconds
Domain Reload Profiling:
	ReloadAssembly (835ms)
		BeginReloadAssembly (98ms)
			ExecutionOrderSort (0ms)
			DisableScriptedObjects (4ms)
			BackupInstance (0ms)
			ReleaseScriptingObjects (0ms)
			CreateAndSetChildDomain (17ms)
		EndReloadAssembly (643ms)
			LoadAssemblies (81ms)
			RebuildTransferFunctionScriptingTraits (0ms)
			SetupTypeCache (226ms)
			ReleaseScriptCaches (1ms)
			RebuildScriptCaches (43ms)
			SetupLoadedEditorAssemblies (271ms)
				LogAssemblyErrors (0ms)
				InitializePlatformSupportModulesInManaged (8ms)
				SetLoadedEditorAssemblies (0ms)
				RefreshPlugins (1ms)
				BeforeProcessingInitializeOnLoad (68ms)
				ProcessInitializeOnLoadAttributes (173ms)
				ProcessInitializeOnLoadMethodAttributes (14ms)
				AfterProcessingInitializeOnLoad (6ms)
				EditorAssembliesLoaded (0ms)
			ExecutionOrderSort2 (0ms)
			AwakeInstancesAfterBackupRestoration (5ms)
Platform modules already initialized, skipping
========================================================================
Worker process is ready to serve import requests
Launched and connected shader compiler UnityShaderCompiler.exe after 0.06 seconds
Refreshing native plugins compatible for Editor in 0.39 ms, found 3 plugins.
Preloading 0 native plugins for Editor in 0.00 ms.
Unloading 3047 Unused Serialized files (Serialized files now loaded: 0)
Unloading 24 unused Assets / (113.9 KB). Loaded Objects now: 3507.
Memory consumption went from 108.4 MB to 108.3 MB.
Total: 2.651500 ms (FindLiveObjects: 0.226400 ms CreateObjectMapping: 0.077200 ms MarkObjects: 2.253700 ms  DeleteObjects: 0.093200 ms)

AssetImportParameters requested are different than current active one (requested -> active):
  custom:video-decoder-ogg-theora: a1e56fd34408186e4bbccfd4996cb3dc -> 
  custom:container-muxer-webm: aa71ff27fc2769a1b78a27578f13a17b -> 
  custom:container-demuxer-webm: 4f35f7cbe854078d1ac9338744f61a02 -> 
  custom:video-encoder-webm-vp8: eb34c28f22e8b96e1ab97ce403110664 -> 
  custom:audio-encoder-webm-vorbis: bf7c407c2cedff20999df2af8eb42d56 -> 
  custom:framework-win-MediaFoundation: 216162199b28c13a410421893ffa2e32 -> 
  custom:container-demuxer-ogg: 62fdf1f143b41e24485cea50d1cbac27 -> 
  custom:video-decoder-webm-vp8: 9c59270c3fd7afecdb556c50c9e8de78 -> 
  custom:audio-decoder-ogg-vorbis: bf7c407c2cedff20999df2af8eb42d56 -> 
========================================================================
Received Prepare
Registering precompiled user dll's ...
Registered in 0.003715 seconds.
Begin MonoManager ReloadAssembly
Symbol file LoadedFromMemory doesn't match image C:\Users\Matt0\OneDrive\Documents\GitHub\Unit-4-Repository\P2 Personal Project\Library\PackageCache\com.unity.visualscripting@1.8.0\Editor\VisualScripting.Core\Dependencies\YamlDotNet\Unity.VisualScripting.YamlDotNet.dll
Symbol file LoadedFromMemory doesn't match image C:\Users\Matt0\OneDrive\Documents\GitHub\Unit-4-Repository\P2 Personal Project\Library\PackageCache\com.unity.visualscripting@1.8.0\Editor\VisualScripting.Core\Dependencies\DotNetZip\Unity.VisualScripting.IonicZip.dll
Native extension for WindowsStandalone target not found
Native extension for WebGL target not found
Refreshing native plugins compatible for Editor in 0.42 ms, found 3 plugins.
Preloading 0 native plugins for Editor in 0.00 ms.
Mono: successfully reloaded assembly
- Completed reload, in  0.795 seconds
Domain Reload Profiling:
	ReloadAssembly (796ms)
		BeginReloadAssembly (145ms)
			ExecutionOrderSort (0ms)
			DisableScriptedObjects (4ms)
			BackupInstance (0ms)
			ReleaseScriptingObjects (0ms)
			CreateAndSetChildDomain (38ms)
		EndReloadAssembly (551ms)
			LoadAssemblies (94ms)
			RebuildTransferFunctionScriptingTraits (0ms)
			SetupTypeCache (203ms)
			ReleaseScriptCaches (2ms)
			RebuildScriptCaches (29ms)
			SetupLoadedEditorAssemblies (222ms)
				LogAssemblyErrors (0ms)
				InitializePlatformSupportModulesInManaged (5ms)
				SetLoadedEditorAssemblies (0ms)
				RefreshPlugins (0ms)
				BeforeProcessingInitializeOnLoad (48ms)
				ProcessInitializeOnLoadAttributes (150ms)
				ProcessInitializeOnLoadMethodAttributes (13ms)
				AfterProcessingInitializeOnLoad (6ms)
				EditorAssembliesLoaded (0ms)
			ExecutionOrderSort2 (0ms)
			AwakeInstancesAfterBackupRestoration (5ms)
Platform modules already initialized, skipping
Refreshing native plugins compatible for Editor in 1.25 ms, found 3 plugins.
Preloading 0 native plugins for Editor in 0.00 ms.
Unloading 3043 Unused Serialized files (Serialized files now loaded: 0)
Unloading 17 unused Assets / (80.3 KB). Loaded Objects now: 3511.
Memory consumption went from 108.3 MB to 108.3 MB.
Total: 2.290000 ms (FindLiveObjects: 0.227900 ms CreateObjectMapping: 0.078100 ms MarkObjects: 1.913600 ms  DeleteObjects: 0.069800 ms)

AssetImportParameters requested are different than current active one (requested -> active):
  custom:video-decoder-ogg-theora: a1e56fd34408186e4bbccfd4996cb3dc -> 
  custom:container-muxer-webm: aa71ff27fc2769a1b78a27578f13a17b -> 
  custom:container-demuxer-webm: 4f35f7cbe854078d1ac9338744f61a02 -> 
  custom:video-encoder-webm-vp8: eb34c28f22e8b96e1ab97ce403110664 -> 
  custom:audio-encoder-webm-vorbis: bf7c407c2cedff20999df2af8eb42d56 -> 
  custom:framework-win-MediaFoundation: 216162199b28c13a410421893ffa2e32 -> 
  custom:container-demuxer-ogg: 62fdf1f143b41e24485cea50d1cbac27 -> 
  custom:video-decoder-webm-vp8: 9c59270c3fd7afecdb556c50c9e8de78 -> 
  custom:audio-decoder-ogg-vorbis: bf7c407c2cedff20999df2af8eb42d56 -> 
========================================================================
Received Import Request.
  Time since last request: 2748530.421359 seconds.
  path: Assets/Low poly 3D game character_1/Prefabs/Character_1@Fast Running.prefab
  artifactKey: Guid(655290387b29cbf49882906daebe8ffa) Importer(815301076,1909f56bfc062723c751e8b465ee728b)
Start importing Assets/Low poly 3D game character_1/Prefabs/Character_1@Fast Running.prefab using Guid(655290387b29cbf49882906daebe8ffa) Importer(815301076,1909f56bfc062723c751e8b465ee728b)  -> (artifact id: 'fc1ca26e5652a72afe1f6450c80a778d') in 0.223114 seconds 
========================================================================
Received Import Request.
  Time since last request: 0.000026 seconds.
  path: Assets/Low poly 3D game character_1/Prefabs/Character_1@Roll To Run.prefab
  artifactKey: Guid(dfced6fd51bf5e0449665baaf9e1ebfe) Importer(815301076,1909f56bfc062723c751e8b465ee728b)
Start importing Assets/Low poly 3D game character_1/Prefabs/Character_1@Roll To Run.prefab using Guid(dfced6fd51bf5e0449665baaf9e1ebfe) Importer(815301076,1909f56bfc062723c751e8b465ee728b)  -> (artifact id: '12182e4af7d7267ddecda331a35f7df6') in 0.030690 seconds 
========================================================================
Received Import Request.
  Time since last request: 0.000029 seconds.
  path: Assets/Low poly 3D game character_1/Prefabs/Character_1@Jump_2.prefab
  artifactKey: Guid(ac0c2ac94d2495645a886de39cb568f0) Importer(815301076,1909f56bfc062723c751e8b465ee728b)
Start importing Assets/Low poly 3D game character_1/Prefabs/Character_1@Jump_2.prefab using Guid(ac0c2ac94d2495645a886de39cb568f0) Importer(815301076,1909f56bfc062723c751e8b465ee728b)  -> (artifact id: '3c631ad2fd5bcc7e43af5f3f2b432e7e') in 0.015870 seconds 
========================================================================
Received Import Request.
  Time since last request: 0.000019 seconds.
  path: Assets/Low poly 3D game character_1/Prefabs/Character_1@Jump.prefab
  artifactKey: Guid(095bd420c3abd7f4d9a12a0384916af5) Importer(815301076,1909f56bfc062723c751e8b465ee728b)
Start importing Assets/Low poly 3D game character_1/Prefabs/Character_1@Jump.prefab using Guid(095bd420c3abd7f4d9a12a0384916af5) Importer(815301076,1909f56bfc062723c751e8b465ee728b)  -> (artifact id: 'd1474b8e8e5ff6319766c632c8dedf32') in 0.016402 seconds 
========================================================================
Received Import Request.
  Time since last request: 0.000019 seconds.
  path: Assets/Low poly 3D game character_1/Prefabs/Character_1@Running.prefab
  artifactKey: Guid(b983f2df64c3638469fdfbcf17545dd3) Importer(815301076,1909f56bfc062723c751e8b465ee728b)
Start importing Assets/Low poly 3D game character_1/Prefabs/Character_1@Running.prefab using Guid(b983f2df64c3638469fdfbcf17545dd3) Importer(815301076,1909f56bfc062723c751e8b465ee728b)  -> (artifact id: 'da8a87e084ed922b4b8b5bacc4a30b74') in 0.019510 seconds 
========================================================================
Received Import Request.
  Time since last request: 0.000020 seconds.
  path: Assets/Low poly 3D game character_1/Prefabs/Character_1@Walking cartoon.prefab
  artifactKey: Guid(f12a3b185a053b54f8776a6d7b7cd480) Importer(815301076,1909f56bfc062723c751e8b465ee728b)
Start importing Assets/Low poly 3D game character_1/Prefabs/Character_1@Walking cartoon.prefab using Guid(f12a3b185a053b54f8776a6d7b7cd480) Importer(815301076,1909f56bfc062723c751e8b465ee728b)  -> (artifact id: 'd2e55b7843bdb915889fc05a92dcdea2') in 0.021009 seconds 
========================================================================
Received Import Request.
  Time since last request: 0.000020 seconds.
  path: Assets/Low poly 3D game character_1/Prefabs/Character_1@Walking.prefab
  artifactKey: Guid(a28680a4e82f3b44d86fd2f877776f1a) Importer(815301076,1909f56bfc062723c751e8b465ee728b)
Start importing Assets/Low poly 3D game character_1/Prefabs/Character_1@Walking.prefab using Guid(a28680a4e82f3b44d86fd2f877776f1a) Importer(815301076,1909f56bfc062723c751e8b465ee728b)  -> (artifact id: 'bd6dfe6165ac216bb02a887bc5d29bc0') in 0.023058 seconds 
========================================================================
Received Import Request.
  Time since last request: 11.158137 seconds.
  path: Assets/Low poly 3D game character_1/Animations/Character_1@Forward Flip.fbx
  artifactKey: Guid(68c728abbd6b7f044b89c6836d49bd5f) Importer(815301076,1909f56bfc062723c751e8b465ee728b)
Start importing Assets/Low poly 3D game character_1/Animations/Character_1@Forward Flip.fbx using Guid(68c728abbd6b7f044b89c6836d49bd5f) Importer(815301076,1909f56bfc062723c751e8b465ee728b)  -> (artifact id: 'e1b229782d02124e5561ca049246f27c') in 0.247496 seconds 
========================================================================
Received Import Request.
  Time since last request: 0.000027 seconds.
  path: Assets/Low poly 3D game character_1/Animations/Character_1@Jump_2.fbx
  artifactKey: Guid(5a001b2963232ea46b46f1e6207911c2) Importer(815301076,1909f56bfc062723c751e8b465ee728b)
Start importing Assets/Low poly 3D game character_1/Animations/Character_1@Jump_2.fbx using Guid(5a001b2963232ea46b46f1e6207911c2) Importer(815301076,1909f56bfc062723c751e8b465ee728b)  -> (artifact id: 'fe4437b8d72446114fce3680d97bb038') in 0.024977 seconds 
========================================================================
Received Import Request.
  Time since last request: 6.107183 seconds.
  path: Assets/Low poly 3D game character_1/Materials/Shirt Pant_1.mat
  artifactKey: Guid(55b30c583d1c125449958ee841d7d20e) Importer(815301076,1909f56bfc062723c751e8b465ee728b)
Start importing Assets/Low poly 3D game character_1/Materials/Shirt Pant_1.mat using Guid(55b30c583d1c125449958ee841d7d20e) Importer(815301076,1909f56bfc062723c751e8b465ee728b)  -> (artifact id: '32d61cbe5109da1bbb8f7941bb0ae2f0') in 0.040877 seconds 
========================================================================
Received Import Request.
  Time since last request: 0.923344 seconds.
  path: Assets/Low poly 3D game character_1/Textures/cha_2.png
  artifactKey: Guid(8eabf03298a608a46a2608b4157e4248) Importer(815301076,1909f56bfc062723c751e8b465ee728b)
Start importing Assets/Low poly 3D game character_1/Textures/cha_2.png using Guid(8eabf03298a608a46a2608b4157e4248) Importer(815301076,1909f56bfc062723c751e8b465ee728b)  -> (artifact id: '0e43616b042ccbb154f08c7e56fe68b9') in 0.056716 seconds 
Editor requested this worker to shutdown with reason: Scaling down because of idle timeout
AssetImportWorker is now disconnected from the server
Process exiting
Exiting without the bug reporter. Application will terminate with return code 0